<?xml version="1.0" encoding="UTF-8"?>
<testsuites name="Mobile App E2E with Detox and Jest" tests="53" failures="18" errors="0" time="1662.848">
  <testsuite name="Search - Search Messages" errors="0" failures="0" skipped="0" timestamp="2024-03-19T14:45:23" time="697.718" tests="12">
    <testcase classname="Search - Search Messages MM-T5294_1 - should match elements on search messages screen" name="Search - Search Messages MM-T5294_1 - should match elements on search messages screen" time="8.341">
    </testcase>
    <testcase classname="Search - Search Messages MM-T5294_2 - should be able to search messages from a specific user" name="Search - Search Messages MM-T5294_2 - should be able to search messages from a specific user" time="30.355">
    </testcase>
    <testcase classname="Search - Search Messages MM-T5294_3 - should be able to search messages in a specific channel" name="Search - Search Messages MM-T5294_3 - should be able to search messages in a specific channel" time="29.346">
    </testcase>
    <testcase classname="Search - Search Messages MM-T5294_4 - should be able to search messages excluding search terms" name="Search - Search Messages MM-T5294_4 - should be able to search messages excluding search terms" time="31.216">
    </testcase>
    <testcase classname="Search - Search Messages MM-T5294_5 - should be able to search messages with phrases" name="Search - Search Messages MM-T5294_5 - should be able to search messages with phrases" time="29.048">
    </testcase>
    <testcase classname="Search - Search Messages MM-T5294_6 - should be able to search messages using combination of modifiers" name="Search - Search Messages MM-T5294_6 - should be able to search messages using combination of modifiers" time="32.5">
    </testcase>
    <testcase classname="Search - Search Messages MM-T5294_7 - should be able to search messages using recent searches" name="Search - Search Messages MM-T5294_7 - should be able to search messages using recent searches" time="26.411">
    </testcase>
    <testcase classname="Search - Search Messages MM-T5294_8 - should be able to search messages on a another joined team" name="Search - Search Messages MM-T5294_8 - should be able to search messages on a another joined team" time="27.23">
    </testcase>
    <testcase classname="Search - Search Messages MM-T5294_9 - should show empty search results screen when search result is empty" name="Search - Search Messages MM-T5294_9 - should show empty search results screen when search result is empty" time="22.601">
    </testcase>
    <testcase classname="Search - Search Messages MM-T5294_10 - should be able to edit, reply to, and delete a searched message from search results screen" name="Search - Search Messages MM-T5294_10 - should be able to edit, reply to, and delete a searched message from search results screen" time="64.618">
    </testcase>
    <testcase classname="Search - Search Messages MM-T5294_11 - should be able to save/unsave a searched message from search results screen" name="Search - Search Messages MM-T5294_11 - should be able to save/unsave a searched message from search results screen" time="43.749">
    </testcase>
    <testcase classname="Search - Search Messages MM-T5294_12 - should be able to pin/unpin a searched message from search results screen" name="Search - Search Messages MM-T5294_12 - should be able to pin/unpin a searched message from search results screen" time="70.508">
    </testcase>
  </testsuite>
  <testsuite name="Server Login - Connect to Server" errors="0" failures="3" skipped="0" timestamp="2024-03-19T14:57:01" time="117.772" tests="5">
    <testcase classname="Server Login - Connect to Server MM-T4676_1 - should match elements on server screen" name="Server Login - Connect to Server MM-T4676_1 - should match elements on server screen" time="4.445">
    </testcase>
    <testcase classname="Server Login - Connect to Server MM-T4676_2 - should show disabled connect button on empty server url or server display name" name="Server Login - Connect to Server MM-T4676_2 - should show disabled connect button on empty server url or server display name" time="11.536">
    </testcase>
    <testcase classname="Server Login - Connect to Server MM-T4676_3 - should show invalid url error on invalid server url" name="Server Login - Connect to Server MM-T4676_3 - should show invalid url error on invalid server url" time="20.107">
      <failure>Test Failed: Timed out while waiting for expectation: TOEXIST WITH MATCHER(id == “server_form.server_url.input.error”) TIMEOUT(10s)

HINT: To print view hierarchy on failed actions/matches, use log-level verbose or higher.
    at Object.&lt;anonymous&gt; (/Users/runner/work/mattermost-mobile/mattermost-mobile/detox/e2e/test/server_login/connect_to_server.e2e.ts:80:54)</failure>
    </testcase>
    <testcase classname="Server Login - Connect to Server MM-T4676_4 - should show connection error on invalid ssl or invalid host" name="Server Login - Connect to Server MM-T4676_4 - should show connection error on invalid ssl or invalid host" time="23.794">
      <failure>Test Failed: Timed out while waiting for expectation: TOEXIST WITH MATCHER(label == “Invalid SSL certificate”) AT INDEX(0) TIMEOUT(10s)

HINT: To print view hierarchy on failed actions/matches, use log-level verbose or higher.
    at Object.&lt;anonymous&gt; (/Users/runner/work/mattermost-mobile/mattermost-mobile/detox/e2e/test/server_login/connect_to_server.e2e.ts:98:60)</failure>
    </testcase>
    <testcase classname="Server Login - Connect to Server MM-T4676_5 - should show login screen on successful connection to server" name="Server Login - Connect to Server MM-T4676_5 - should show login screen on successful connection to server" time="19.948">
      <failure>Test Failed: Timed out while waiting for expectation: TOEXIST WITH MATCHER(label == “Okay”) AT INDEX(1) TIMEOUT(10s)

HINT: To print view hierarchy on failed actions/matches, use log-level verbose or higher.
    at Object.&lt;anonymous&gt; (/Users/runner/work/mattermost-mobile/mattermost-mobile/detox/e2e/test/server_login/connect_to_server.e2e.ts:122:55)</failure>
    </testcase>
  </testsuite>
  <testsuite name="Server Login - Login by Email" errors="0" failures="3" skipped="0" timestamp="2024-03-19T14:58:59" time="52.953" tests="4">
    <testcase classname="Server Login - Login by Email MM-T4677_1 - should match elements on login screen" name="Server Login - Login by Email MM-T4677_1 - should match elements on login screen" time="4.814">
    </testcase>
    <testcase classname="Server Login - Login by Email MM-T4677_2 - should show disabled signin button on empty username or password" name="Server Login - Login by Email MM-T4677_2 - should show disabled signin button on empty username or password" time="4.937">
      <failure>Test Failed: View is not hittable at its visible point. Error: Failed to hit view with identifier `login_form.username.input` at point {196.5, 521.66666412353516} with hit-test
- Origin view: &lt;UIInputSetContainerView: 0x7ff452264630; frame = (0 0; 393 852); clipsToBounds = YES; layer = &lt;CALayer: 0x6000002f7b60&gt;&gt;
- Absolute origin: {0, 0}
- Hit: &lt;UIView: 0x7ff45141cfc0; frame = (0 0; 81.7876 45); layer = &lt;CALayer: 0x6000006b3800&gt;&gt;
- Target view: &lt;RCTUITextField: 0x7ff455036c00; baseClass = UITextField; frame = (0 0; 311 24); text = &apos;&apos;; opaque = NO; autoresize = W+H; gestureRecognizers = &lt;NSArray: 0x60000094dfb0&gt;; borderStyle = None; background = &lt;_UITextFieldNoBackgroundProvider: 0x600000450de0: textfield=&lt;RCTUITextField: 0x7ff455036c00&gt;&gt;; layer = &lt;CALayer: 0x60000068dfa0&gt;&gt;
- Relative point: {196.5, 521.66666412353516}
    at Object.&lt;anonymous&gt; (/Users/runner/work/mattermost-mobile/mattermost-mobile/detox/e2e/test/server_login/login_by_email.e2e.ts:63:29)
    at Promise.then.completed (/Users/runner/work/mattermost-mobile/mattermost-mobile/detox/node_modules/jest-circus/build/utils.js:298:28)
    at new Promise (&lt;anonymous&gt;)
    at callAsyncCircusFn (/Users/runner/work/mattermost-mobile/mattermost-mobile/detox/node_modules/jest-circus/build/utils.js:231:10)
    at _callCircusTest (/Users/runner/work/mattermost-mobile/mattermost-mobile/detox/node_modules/jest-circus/build/run.js:316:40)
    at processTicksAndRejections (node:internal/process/task_queues:95:5)
    at _runTest (/Users/runner/work/mattermost-mobile/mattermost-mobile/detox/node_modules/jest-circus/build/run.js:252:3)
    at _runTestsForDescribeBlock (/Users/runner/work/mattermost-mobile/mattermost-mobile/detox/node_modules/jest-circus/build/run.js:126:9)
    at _runTestsForDescribeBlock (/Users/runner/work/mattermost-mobile/mattermost-mobile/detox/node_modules/jest-circus/build/run.js:121:9)
    at run (/Users/runner/work/mattermost-mobile/mattermost-mobile/detox/node_modules/jest-circus/build/run.js:71:3)
    at runAndTransformResultsToJestFormat (/Users/runner/work/mattermost-mobile/mattermost-mobile/detox/node_modules/jest-circus/build/legacy-code-todo-rewrite/jestAdapterInit.js:122:21)
    at jestAdapter (/Users/runner/work/mattermost-mobile/mattermost-mobile/detox/node_modules/jest-circus/build/legacy-code-todo-rewrite/jestAdapter.js:79:19)
    at runTestInternal (/Users/runner/work/mattermost-mobile/mattermost-mobile/detox/node_modules/jest-runner/build/runTest.js:367:16)
    at runTest (/Users/runner/work/mattermost-mobile/mattermost-mobile/detox/node_modules/jest-runner/build/runTest.js:444:34)</failure>
    </testcase>
    <testcase classname="Server Login - Login by Email MM-T4677_3 - should show incorrect combination error on incorrect credentials" name="Server Login - Login by Email MM-T4677_3 - should show incorrect combination error on incorrect credentials" time="1.864">
      <failure>Test Failed: View is not hittable at its visible point. Error: Failed to hit view with identifier `login_form.username.input` at point {196.5, 521.66666412353516} with hit-test
- Origin view: &lt;UIInputSetContainerView: 0x7ff452264630; frame = (0 0; 393 852); clipsToBounds = YES; layer = &lt;CALayer: 0x6000002f7b60&gt;&gt;
- Absolute origin: {0, 0}
- Hit: &lt;UIView: 0x7ff45141cfc0; frame = (0 0; 81.7876 45); layer = &lt;CALayer: 0x6000006b3800&gt;&gt;
- Target view: &lt;RCTUITextField: 0x7ff455036c00; baseClass = UITextField; frame = (0 0; 311 24); text = &apos;&apos;; opaque = NO; autoresize = W+H; gestureRecognizers = &lt;NSArray: 0x60000094dfb0&gt;; borderStyle = None; background = &lt;_UITextFieldNoBackgroundProvider: 0x600000450de0: textfield=&lt;RCTUITextField: 0x7ff455036c00&gt;&gt;; layer = &lt;CALayer: 0x60000068dfa0&gt;&gt;
- Relative point: {196.5, 521.66666412353516}
    at Object.&lt;anonymous&gt; (/Users/runner/work/mattermost-mobile/mattermost-mobile/detox/e2e/test/server_login/login_by_email.e2e.ts:46:29)
    at processTicksAndRejections (node:internal/process/task_queues:95:5)</failure>
    </testcase>
    <testcase classname="Server Login - Login by Email MM-T4677_4 - should show channel list screen on successful login" name="Server Login - Login by Email MM-T4677_4 - should show channel list screen on successful login" time="1.878">
      <failure>Test Failed: View is not hittable at its visible point. Error: Failed to hit view with identifier `login_form.username.input` at point {196.5, 521.66666412353516} with hit-test
- Origin view: &lt;UIInputSetContainerView: 0x7ff452264630; frame = (0 0; 393 852); clipsToBounds = YES; layer = &lt;CALayer: 0x6000002f7b60&gt;&gt;
- Absolute origin: {0, 0}
- Hit: &lt;UIView: 0x7ff45141cfc0; frame = (0 0; 81.7876 45); layer = &lt;CALayer: 0x6000006b3800&gt;&gt;
- Target view: &lt;RCTUITextField: 0x7ff455036c00; baseClass = UITextField; frame = (0 0; 311 24); text = &apos;&apos;; opaque = NO; autoresize = W+H; gestureRecognizers = &lt;NSArray: 0x60000094dfb0&gt;; borderStyle = None; background = &lt;_UITextFieldNoBackgroundProvider: 0x600000450de0: textfield=&lt;RCTUITextField: 0x7ff455036c00&gt;&gt;; layer = &lt;CALayer: 0x60000068dfa0&gt;&gt;
- Relative point: {196.5, 521.66666412353516}
    at Object.&lt;anonymous&gt; (/Users/runner/work/mattermost-mobile/mattermost-mobile/detox/e2e/test/server_login/login_by_email.e2e.ts:46:29)
    at processTicksAndRejections (node:internal/process/task_queues:95:5)</failure>
    </testcase>
  </testsuite>
  <testsuite name="Server Login - Server List" errors="0" failures="6" skipped="0" timestamp="2024-03-19T14:59:52" time="68.242" tests="7">
    <testcase classname="Server Login - Server List MM-T4691_1 - should match elements on server list screen" name="Server Login - Server List MM-T4691_1 - should match elements on server list screen" time="6.965">
    </testcase>
    <testcase classname="Server Login - Server List MM-T4691_2 - should be able to add and log in to new servers" name="Server Login - Server List MM-T4691_2 - should be able to add and log in to new servers" time="4.21">
      <failure>TypeError: Cannot read properties of undefined (reading &apos;id&apos;)
    at Object.apiInit (/Users/runner/work/mattermost-mobile/mattermost-mobile/detox/e2e/support/server_api/setup.ts:20:96)
    at processTicksAndRejections (node:internal/process/task_queues:95:5)
    at Object.&lt;anonymous&gt; (/Users/runner/work/mattermost-mobile/mattermost-mobile/detox/e2e/test/server_login/server_list.e2e.ts:89:34)</failure>
    </testcase>
    <testcase classname="Server Login - Server List MM-T4691_3 - should be able to switch to another existing server" name="Server Login - Server List MM-T4691_3 - should be able to switch to another existing server" time="0.34">
      <failure>Test Failed: View is not hittable at its visible point. Error: View is not visible around point.
- view point: {12, 12.333335876464844}
- visible bounds: {{0, 0}, {24, 24.666671752929688}}
- view bounds: {{8, 7.6666665077209473}, {24, 24.666671752929688}}
---
Error: Error Domain=DetoxErrorDomain Code=0 &quot;View “&lt;RCTView: 0x7f8d8c47c1c0&gt;” is not visible: View does not pass visibility percent threshold (100)&quot; UserInfo={NSLocalizedDescription=View “&lt;RCTView: 0x7f8d8c47c1c0&gt;” is not visible: View does not pass visibility percent threshold (100)}
    at ServerListScreen.open (/Users/runner/work/mattermost-mobile/mattermost-mobile/detox/e2e/support/ui/screen/server_list.ts:65:44)
    at Object.&lt;anonymous&gt; (/Users/runner/work/mattermost-mobile/mattermost-mobile/detox/e2e/test/server_login/server_list.e2e.ts:147:32)
    at processTicksAndRejections (node:internal/process/task_queues:95:5)</failure>
    </testcase>
    <testcase classname="Server Login - Server List MM-T4691_4 - should be able to edit server display name of active and inactive servers" name="Server Login - Server List MM-T4691_4 - should be able to edit server display name of active and inactive servers" time="0.333">
      <failure>Test Failed: View is not hittable at its visible point. Error: View is not visible around point.
- view point: {12, 12.333335876464844}
- visible bounds: {{0, 0}, {24, 24.666671752929688}}
- view bounds: {{8, 7.6666665077209473}, {24, 24.666671752929688}}
---
Error: Error Domain=DetoxErrorDomain Code=0 &quot;View “&lt;RCTView: 0x7f8d8c47c1c0&gt;” is not visible: View does not pass visibility percent threshold (100)&quot; UserInfo={NSLocalizedDescription=View “&lt;RCTView: 0x7f8d8c47c1c0&gt;” is not visible: View does not pass visibility percent threshold (100)}
    at ServerListScreen.open (/Users/runner/work/mattermost-mobile/mattermost-mobile/detox/e2e/support/ui/screen/server_list.ts:65:44)
    at Object.&lt;anonymous&gt; (/Users/runner/work/mattermost-mobile/mattermost-mobile/detox/e2e/test/server_login/server_list.e2e.ts:178:32)
    at processTicksAndRejections (node:internal/process/task_queues:95:5)</failure>
    </testcase>
    <testcase classname="Server Login - Server List MM-T4691_5 - should be able to remove a server from the list" name="Server Login - Server List MM-T4691_5 - should be able to remove a server from the list" time="0.348">
      <failure>Test Failed: View is not hittable at its visible point. Error: View is not visible around point.
- view point: {12, 12.333335876464844}
- visible bounds: {{0, 0}, {24, 24.666671752929688}}
- view bounds: {{8, 7.6666665077209473}, {24, 24.666671752929688}}
---
Error: Error Domain=DetoxErrorDomain Code=0 &quot;View “&lt;RCTView: 0x7f8d8c47c1c0&gt;” is not visible: View does not pass visibility percent threshold (100)&quot; UserInfo={NSLocalizedDescription=View “&lt;RCTView: 0x7f8d8c47c1c0&gt;” is not visible: View does not pass visibility percent threshold (100)}
    at ServerListScreen.open (/Users/runner/work/mattermost-mobile/mattermost-mobile/detox/e2e/support/ui/screen/server_list.ts:65:44)
    at Object.&lt;anonymous&gt; (/Users/runner/work/mattermost-mobile/mattermost-mobile/detox/e2e/test/server_login/server_list.e2e.ts:224:32)
    at processTicksAndRejections (node:internal/process/task_queues:95:5)</failure>
    </testcase>
    <testcase classname="Server Login - Server List MM-T4691_6 - should be able to log out a server from the list" name="Server Login - Server List MM-T4691_6 - should be able to log out a server from the list" time="0.36">
      <failure>Test Failed: View is not hittable at its visible point. Error: View is not visible around point.
- view point: {12, 12.333335876464844}
- visible bounds: {{0, 0}, {24, 24.666671752929688}}
- view bounds: {{8, 7.6666665077209473}, {24, 24.666671752929688}}
---
Error: Error Domain=DetoxErrorDomain Code=0 &quot;View “&lt;RCTView: 0x7f8d8c47c1c0&gt;” is not visible: View does not pass visibility percent threshold (100)&quot; UserInfo={NSLocalizedDescription=View “&lt;RCTView: 0x7f8d8c47c1c0&gt;” is not visible: View does not pass visibility percent threshold (100)}
    at ServerListScreen.open (/Users/runner/work/mattermost-mobile/mattermost-mobile/detox/e2e/support/ui/screen/server_list.ts:65:44)
    at Object.&lt;anonymous&gt; (/Users/runner/work/mattermost-mobile/mattermost-mobile/detox/e2e/test/server_login/server_list.e2e.ts:265:32)
    at processTicksAndRejections (node:internal/process/task_queues:95:5)</failure>
    </testcase>
    <testcase classname="Server Login - Server List MM-T4691_7 - should not be able to add server for an already existing server" name="Server Login - Server List MM-T4691_7 - should not be able to add server for an already existing server" time="0.351">
      <failure>Test Failed: View is not hittable at its visible point. Error: View is not visible around point.
- view point: {12, 12.333335876464844}
- visible bounds: {{0, 0}, {24, 24.666671752929688}}
- view bounds: {{8, 7.6666665077209473}, {24, 24.666671752929688}}
---
Error: Error Domain=DetoxErrorDomain Code=0 &quot;View “&lt;RCTView: 0x7f8d8c47c1c0&gt;” is not visible: View does not pass visibility percent threshold (100)&quot; UserInfo={NSLocalizedDescription=View “&lt;RCTView: 0x7f8d8c47c1c0&gt;” is not visible: View does not pass visibility percent threshold (100)}
    at ServerListScreen.open (/Users/runner/work/mattermost-mobile/mattermost-mobile/detox/e2e/support/ui/screen/server_list.ts:65:44)
    at Object.&lt;anonymous&gt; (/Users/runner/work/mattermost-mobile/mattermost-mobile/detox/e2e/test/server_login/server_list.e2e.ts:295:32)
    at processTicksAndRejections (node:internal/process/task_queues:95:5)</failure>
    </testcase>
    <testcase classname=" Test execution failure: could be caused by test hooks like &apos;afterAll&apos;." name=" Test execution failure: could be caused by test hooks like &apos;afterAll&apos;." time="0">
      <failure>{&quot;message&quot;:&quot;&quot;,&quot;stack&quot;:&quot;Test Failed: Timed out while waiting for expectation: TOBEVISIBLE WITH MATCHER(id == “tab_bar.account.tab”) TIMEOUT(2s)\n\nHINT: To print view hierarchy on failed actions/matches, use log-level verbose or higher.\n    at AccountScreen.open (/Users/runner/work/mattermost-mobile/mattermost-mobile/detox/e2e/support/ui/screen/account.ts:84:60)\n    at HomeScreen.logout (/Users/runner/work/mattermost-mobile/mattermost-mobile/detox/e2e/support/ui/screen/home.ts:40:29)\n    at Object.&lt;anonymous&gt; (/Users/runner/work/mattermost-mobile/mattermost-mobile/detox/e2e/test/server_login/server_list.e2e.ts:59:26)\n    at Promise.then.completed (/Users/runner/work/mattermost-mobile/mattermost-mobile/detox/node_modules/jest-circus/build/utils.js:298:28)\n    at new Promise (&lt;anonymous&gt;)\n    at callAsyncCircusFn (/Users/runner/work/mattermost-mobile/mattermost-mobile/detox/node_modules/jest-circus/build/utils.js:231:10)\n    at _callCircusHook (/Users/runner/work/mattermost-mobile/mattermost-mobile/detox/node_modules/jest-circus/build/run.js:281:40)\n    at _runTestsForDescribeBlock (/Users/runner/work/mattermost-mobile/mattermost-mobile/detox/node_modules/jest-circus/build/run.js:154:7)\n    at _runTestsForDescribeBlock (/Users/runner/work/mattermost-mobile/mattermost-mobile/detox/node_modules/jest-circus/build/run.js:121:9)\n    at run (/Users/runner/work/mattermost-mobile/mattermost-mobile/detox/node_modules/jest-circus/build/run.js:71:3)\n    at runAndTransformResultsToJestFormat (/Users/runner/work/mattermost-mobile/mattermost-mobile/detox/node_modules/jest-circus/build/legacy-code-todo-rewrite/jestAdapterInit.js:122:21)\n    at jestAdapter (/Users/runner/work/mattermost-mobile/mattermost-mobile/detox/node_modules/jest-circus/build/legacy-code-todo-rewrite/jestAdapter.js:79:19)\n    at runTestInternal (/Users/runner/work/mattermost-mobile/mattermost-mobile/detox/node_modules/jest-runner/build/runTest.js:367:16)\n    at runTest (/Users/runner/work/mattermost-mobile/mattermost-mobile/detox/node_modules/jest-runner/build/runTest.js:444:34)&quot;}</failure>
    </testcase>
  </testsuite>
  <testsuite name="Smoke Test - Account" errors="0" failures="2" skipped="0" timestamp="2024-03-19T15:01:01" time="120.355" tests="4">
    <testcase classname="Smoke Test - Account MM-T5114_1 - should be able to set user presence and custom status" name="Smoke Test - Account MM-T5114_1 - should be able to set user presence and custom status" time="26.496">
    </testcase>
    <testcase classname="Smoke Test - Account MM-T5114_2 - should be able to edit profile" name="Smoke Test - Account MM-T5114_2 - should be able to edit profile" time="29.077">
    </testcase>
    <testcase classname="Smoke Test - Account MM-T5114_3 - should be able to set notification settings" name="Smoke Test - Account MM-T5114_3 - should be able to set notification settings" time="10.825">
      <failure>Test Failed: Failed expectation: TOHAVEVALUE(value == “492cf9,c109ad”) WITH MATCHER(id == “mention_notification_settings.keywords.input”)

HINT: To print view hierarchy on failed actions/matches, use log-level verbose or higher.
    at Object.&lt;anonymous&gt; (/Users/runner/work/mattermost-mobile/mattermost-mobile/detox/e2e/test/smoke_test/account.e2e.ts:144:75)
    at processTicksAndRejections (node:internal/process/task_queues:95:5)</failure>
    </testcase>
    <testcase classname="Smoke Test - Account MM-T5114_4 - should be able to set display settings" name="Smoke Test - Account MM-T5114_4 - should be able to set display settings" time="0.193">
      <failure>Test Failed: View is not hittable at its visible point. Error: View is not visible around point.
- view point: {188.5, 24.000015258789062}
- visible bounds: {{0, 0}, {377, 48.000030517578125}}
- view bounds: {{0, 0}, {377, 48.000030517578125}}
---
Error: Error Domain=DetoxErrorDomain Code=0 &quot;View “&lt;RCTView: 0x7faf4a284520&gt;” is not visible: View does not pass visibility percent threshold (100)&quot; UserInfo={NSLocalizedDescription=View “&lt;RCTView: 0x7faf4a284520&gt;” is not visible: View does not pass visibility percent threshold (100)}
    at SettingsScreen.open (/Users/runner/work/mattermost-mobile/mattermost-mobile/detox/e2e/support/ui/screen/settings.ts:39:44)
    at Object.&lt;anonymous&gt; (/Users/runner/work/mattermost-mobile/mattermost-mobile/detox/e2e/test/smoke_test/account.e2e.ts:178:30)
    at Promise.then.completed (/Users/runner/work/mattermost-mobile/mattermost-mobile/detox/node_modules/jest-circus/build/utils.js:298:28)
    at new Promise (&lt;anonymous&gt;)
    at callAsyncCircusFn (/Users/runner/work/mattermost-mobile/mattermost-mobile/detox/node_modules/jest-circus/build/utils.js:231:10)
    at _callCircusTest (/Users/runner/work/mattermost-mobile/mattermost-mobile/detox/node_modules/jest-circus/build/run.js:316:40)
    at processTicksAndRejections (node:internal/process/task_queues:95:5)
    at _runTest (/Users/runner/work/mattermost-mobile/mattermost-mobile/detox/node_modules/jest-circus/build/run.js:252:3)
    at _runTestsForDescribeBlock (/Users/runner/work/mattermost-mobile/mattermost-mobile/detox/node_modules/jest-circus/build/run.js:126:9)
    at _runTestsForDescribeBlock (/Users/runner/work/mattermost-mobile/mattermost-mobile/detox/node_modules/jest-circus/build/run.js:121:9)
    at run (/Users/runner/work/mattermost-mobile/mattermost-mobile/detox/node_modules/jest-circus/build/run.js:71:3)
    at runAndTransformResultsToJestFormat (/Users/runner/work/mattermost-mobile/mattermost-mobile/detox/node_modules/jest-circus/build/legacy-code-todo-rewrite/jestAdapterInit.js:122:21)
    at jestAdapter (/Users/runner/work/mattermost-mobile/mattermost-mobile/detox/node_modules/jest-circus/build/legacy-code-todo-rewrite/jestAdapter.js:79:19)
    at runTestInternal (/Users/runner/work/mattermost-mobile/mattermost-mobile/detox/node_modules/jest-runner/build/runTest.js:367:16)
    at runTest (/Users/runner/work/mattermost-mobile/mattermost-mobile/detox/node_modules/jest-runner/build/runTest.js:444:34)</failure>
    </testcase>
    <testcase classname=" Test execution failure: could be caused by test hooks like &apos;afterAll&apos;." name=" Test execution failure: could be caused by test hooks like &apos;afterAll&apos;." time="0">
      <failure>{&quot;message&quot;:&quot;&quot;,&quot;stack&quot;:&quot;Test Failed: Timed out while waiting for expectation: TOBEVISIBLE WITH MATCHER(id == “tab_bar.account.tab”) TIMEOUT(2s)\n\nHINT: To print view hierarchy on failed actions/matches, use log-level verbose or higher.\n    at AccountScreen.open (/Users/runner/work/mattermost-mobile/mattermost-mobile/detox/e2e/support/ui/screen/account.ts:84:60)\n    at HomeScreen.logout (/Users/runner/work/mattermost-mobile/mattermost-mobile/detox/e2e/support/ui/screen/home.ts:40:29)\n    at Object.&lt;anonymous&gt; (/Users/runner/work/mattermost-mobile/mattermost-mobile/detox/e2e/test/smoke_test/account.e2e.ts:56:26)\n    at Promise.then.completed (/Users/runner/work/mattermost-mobile/mattermost-mobile/detox/node_modules/jest-circus/build/utils.js:298:28)\n    at new Promise (&lt;anonymous&gt;)\n    at callAsyncCircusFn (/Users/runner/work/mattermost-mobile/mattermost-mobile/detox/node_modules/jest-circus/build/utils.js:231:10)\n    at _callCircusHook (/Users/runner/work/mattermost-mobile/mattermost-mobile/detox/node_modules/jest-circus/build/run.js:281:40)\n    at _runTestsForDescribeBlock (/Users/runner/work/mattermost-mobile/mattermost-mobile/detox/node_modules/jest-circus/build/run.js:154:7)\n    at _runTestsForDescribeBlock (/Users/runner/work/mattermost-mobile/mattermost-mobile/detox/node_modules/jest-circus/build/run.js:121:9)\n    at run (/Users/runner/work/mattermost-mobile/mattermost-mobile/detox/node_modules/jest-circus/build/run.js:71:3)\n    at runAndTransformResultsToJestFormat (/Users/runner/work/mattermost-mobile/mattermost-mobile/detox/node_modules/jest-circus/build/legacy-code-todo-rewrite/jestAdapterInit.js:122:21)\n    at jestAdapter (/Users/runner/work/mattermost-mobile/mattermost-mobile/detox/node_modules/jest-circus/build/legacy-code-todo-rewrite/jestAdapter.js:79:19)\n    at runTestInternal (/Users/runner/work/mattermost-mobile/mattermost-mobile/detox/node_modules/jest-runner/build/runTest.js:367:16)\n    at runTest (/Users/runner/work/mattermost-mobile/mattermost-mobile/detox/node_modules/jest-runner/build/runTest.js:444:34)&quot;}</failure>
    </testcase>
  </testsuite>
  <testsuite name="Smoke Test - Autocomplete" errors="0" failures="0" skipped="0" timestamp="2024-03-19T15:03:01" time="96.387" tests="4">
    <testcase classname="Smoke Test - Autocomplete MM-T4886_1 - should be able to select and post at-mention suggestion" name="Smoke Test - Autocomplete MM-T4886_1 - should be able to select and post at-mention suggestion" time="9.626">
    </testcase>
    <testcase classname="Smoke Test - Autocomplete MM-T4886_2 - should be able to select and post channel mention suggestion -- KNOWN ISSUE: MM-50351" name="Smoke Test - Autocomplete MM-T4886_2 - should be able to select and post channel mention suggestion -- KNOWN ISSUE: MM-50351" time="8.132">
    </testcase>
    <testcase classname="Smoke Test - Autocomplete MM-T4886_3 - should be able to select and post emoji suggestion" name="Smoke Test - Autocomplete MM-T4886_3 - should be able to select and post emoji suggestion" time="9.031">
    </testcase>
    <testcase classname="Smoke Test - Autocomplete MM-T4886_4 - should be able to select and post slash suggestion -- KNOWN ISSUE: MM-50351" name="Smoke Test - Autocomplete MM-T4886_4 - should be able to select and post slash suggestion -- KNOWN ISSUE: MM-50351" time="7.232">
    </testcase>
  </testsuite>
  <testsuite name="Smoke Test - Channels" errors="0" failures="4" skipped="0" timestamp="2024-03-19T15:04:37" time="139.535" tests="6">
    <testcase classname="Smoke Test - Channels MM-T4774_1 - should be able to join a new channel and switch to an existing channel" name="Smoke Test - Channels MM-T4774_1 - should be able to join a new channel and switch to an existing channel" time="21.683">
    </testcase>
    <testcase classname="Smoke Test - Channels MM-T4774_2 - should be able to create a channel and create a direct message" name="Smoke Test - Channels MM-T4774_2 - should be able to create a channel and create a direct message" time="28.431">
      <failure>Test Failed: No elements found for “MATCHER(id == “create_direct_message.user_list.user_item.snzuhhuce7y4tgqqtbon6w7bbr”)”

HINT: To print view hierarchy on failed actions/matches, use log-level verbose or higher.
    at Object.&lt;anonymous&gt; (/Users/runner/work/mattermost-mobile/mattermost-mobile/detox/e2e/test/smoke_test/channels.e2e.ts:110:65)</failure>
    </testcase>
    <testcase classname="Smoke Test - Channels MM-T4774_3 - should be able to post a message in a channel" name="Smoke Test - Channels MM-T4774_3 - should be able to post a message in a channel" time="0.271">
      <failure>Test Failed: View is not hittable at its visible point. Error: View is not visible around point.
- view point: {58.166664123535142, 12.166671752929688}
- visible bounds: {{0, 0}, {116.33332824707031, 24.333343505859375}}
- view bounds: {{54, 7.6666665077209473}, {116.33332824707031, 24.333343505859375}}
---
Error: Error Domain=DetoxErrorDomain Code=0 &quot;View “&lt;RCTTextView: 0x7f84eec0c2b0&gt;” is not visible: View does not pass visibility percent threshold (100)&quot; UserInfo={NSLocalizedDescription=View “&lt;RCTTextView: 0x7f84eec0c2b0&gt;” is not visible: View does not pass visibility percent threshold (100)}
    at ChannelScreen.open (/Users/runner/work/mattermost-mobile/mattermost-mobile/detox/e2e/support/ui/screen/channel.ts:121:85)
    at Object.&lt;anonymous&gt; (/Users/runner/work/mattermost-mobile/mattermost-mobile/detox/e2e/test/smoke_test/channels.e2e.ts:125:29)
    at Promise.then.completed (/Users/runner/work/mattermost-mobile/mattermost-mobile/detox/node_modules/jest-circus/build/utils.js:298:28)
    at new Promise (&lt;anonymous&gt;)
    at callAsyncCircusFn (/Users/runner/work/mattermost-mobile/mattermost-mobile/detox/node_modules/jest-circus/build/utils.js:231:10)
    at _callCircusTest (/Users/runner/work/mattermost-mobile/mattermost-mobile/detox/node_modules/jest-circus/build/run.js:316:40)
    at processTicksAndRejections (node:internal/process/task_queues:95:5)
    at _runTest (/Users/runner/work/mattermost-mobile/mattermost-mobile/detox/node_modules/jest-circus/build/run.js:252:3)
    at _runTestsForDescribeBlock (/Users/runner/work/mattermost-mobile/mattermost-mobile/detox/node_modules/jest-circus/build/run.js:126:9)
    at _runTestsForDescribeBlock (/Users/runner/work/mattermost-mobile/mattermost-mobile/detox/node_modules/jest-circus/build/run.js:121:9)
    at run (/Users/runner/work/mattermost-mobile/mattermost-mobile/detox/node_modules/jest-circus/build/run.js:71:3)
    at runAndTransformResultsToJestFormat (/Users/runner/work/mattermost-mobile/mattermost-mobile/detox/node_modules/jest-circus/build/legacy-code-todo-rewrite/jestAdapterInit.js:122:21)
    at jestAdapter (/Users/runner/work/mattermost-mobile/mattermost-mobile/detox/node_modules/jest-circus/build/legacy-code-todo-rewrite/jestAdapter.js:79:19)
    at runTestInternal (/Users/runner/work/mattermost-mobile/mattermost-mobile/detox/node_modules/jest-runner/build/runTest.js:367:16)
    at runTest (/Users/runner/work/mattermost-mobile/mattermost-mobile/detox/node_modules/jest-runner/build/runTest.js:444:34)</failure>
    </testcase>
    <testcase classname="Smoke Test - Channels MM-T4774_4 - should be able to find and edit a channel" name="Smoke Test - Channels MM-T4774_4 - should be able to find and edit a channel" time="0.278">
      <failure>Test Failed: View is not hittable at its visible point. Error: View is not visible around point.
- view point: {153.5, 20}
- visible bounds: {{0, 0}, {307, 40}}
- view bounds: {{66, 20}, {307, 40}}
---
Error: Error Domain=DetoxErrorDomain Code=0 &quot;View “&lt;RCTView: 0x7f84ede12180&gt;” is not visible: View does not pass visibility percent threshold (100)&quot; UserInfo={NSLocalizedDescription=View “&lt;RCTView: 0x7f84ede12180&gt;” is not visible: View does not pass visibility percent threshold (100)}
    at FindChannelsScreen.open (/Users/runner/work/mattermost-mobile/mattermost-mobile/detox/e2e/support/ui/screen/find_channels.ts:61:60)
    at Object.&lt;anonymous&gt; (/Users/runner/work/mattermost-mobile/mattermost-mobile/detox/e2e/test/smoke_test/channels.e2e.ts:139:34)
    at Promise.then.completed (/Users/runner/work/mattermost-mobile/mattermost-mobile/detox/node_modules/jest-circus/build/utils.js:298:28)
    at new Promise (&lt;anonymous&gt;)
    at callAsyncCircusFn (/Users/runner/work/mattermost-mobile/mattermost-mobile/detox/node_modules/jest-circus/build/utils.js:231:10)
    at _callCircusTest (/Users/runner/work/mattermost-mobile/mattermost-mobile/detox/node_modules/jest-circus/build/run.js:316:40)
    at processTicksAndRejections (node:internal/process/task_queues:95:5)
    at _runTest (/Users/runner/work/mattermost-mobile/mattermost-mobile/detox/node_modules/jest-circus/build/run.js:252:3)
    at _runTestsForDescribeBlock (/Users/runner/work/mattermost-mobile/mattermost-mobile/detox/node_modules/jest-circus/build/run.js:126:9)
    at _runTestsForDescribeBlock (/Users/runner/work/mattermost-mobile/mattermost-mobile/detox/node_modules/jest-circus/build/run.js:121:9)
    at run (/Users/runner/work/mattermost-mobile/mattermost-mobile/detox/node_modules/jest-circus/build/run.js:71:3)
    at runAndTransformResultsToJestFormat (/Users/runner/work/mattermost-mobile/mattermost-mobile/detox/node_modules/jest-circus/build/legacy-code-todo-rewrite/jestAdapterInit.js:122:21)
    at jestAdapter (/Users/runner/work/mattermost-mobile/mattermost-mobile/detox/node_modules/jest-circus/build/legacy-code-todo-rewrite/jestAdapter.js:79:19)
    at runTestInternal (/Users/runner/work/mattermost-mobile/mattermost-mobile/detox/node_modules/jest-runner/build/runTest.js:367:16)
    at runTest (/Users/runner/work/mattermost-mobile/mattermost-mobile/detox/node_modules/jest-runner/build/runTest.js:444:34)</failure>
    </testcase>
    <testcase classname="Smoke Test - Channels MM-T4774_5 - should be able to favorite and mute a channel" name="Smoke Test - Channels MM-T4774_5 - should be able to favorite and mute a channel" time="0.251">
      <failure>Test Failed: View is not hittable at its visible point. Error: View is not visible around point.
- view point: {58.166664123535142, 12.166671752929688}
- visible bounds: {{0, 0}, {116.33332824707031, 24.333343505859375}}
- view bounds: {{54, 7.6666665077209473}, {116.33332824707031, 24.333343505859375}}
---
Error: Error Domain=DetoxErrorDomain Code=0 &quot;View “&lt;RCTTextView: 0x7f84eec0c2b0&gt;” is not visible: View does not pass visibility percent threshold (100)&quot; UserInfo={NSLocalizedDescription=View “&lt;RCTTextView: 0x7f84eec0c2b0&gt;” is not visible: View does not pass visibility percent threshold (100)}
    at ChannelScreen.open (/Users/runner/work/mattermost-mobile/mattermost-mobile/detox/e2e/support/ui/screen/channel.ts:121:85)
    at Object.&lt;anonymous&gt; (/Users/runner/work/mattermost-mobile/mattermost-mobile/detox/e2e/test/smoke_test/channels.e2e.ts:165:29)
    at Promise.then.completed (/Users/runner/work/mattermost-mobile/mattermost-mobile/detox/node_modules/jest-circus/build/utils.js:298:28)
    at new Promise (&lt;anonymous&gt;)
    at callAsyncCircusFn (/Users/runner/work/mattermost-mobile/mattermost-mobile/detox/node_modules/jest-circus/build/utils.js:231:10)
    at _callCircusTest (/Users/runner/work/mattermost-mobile/mattermost-mobile/detox/node_modules/jest-circus/build/run.js:316:40)
    at processTicksAndRejections (node:internal/process/task_queues:95:5)
    at _runTest (/Users/runner/work/mattermost-mobile/mattermost-mobile/detox/node_modules/jest-circus/build/run.js:252:3)
    at _runTestsForDescribeBlock (/Users/runner/work/mattermost-mobile/mattermost-mobile/detox/node_modules/jest-circus/build/run.js:126:9)
    at _runTestsForDescribeBlock (/Users/runner/work/mattermost-mobile/mattermost-mobile/detox/node_modules/jest-circus/build/run.js:121:9)
    at run (/Users/runner/work/mattermost-mobile/mattermost-mobile/detox/node_modules/jest-circus/build/run.js:71:3)
    at runAndTransformResultsToJestFormat (/Users/runner/work/mattermost-mobile/mattermost-mobile/detox/node_modules/jest-circus/build/legacy-code-todo-rewrite/jestAdapterInit.js:122:21)
    at jestAdapter (/Users/runner/work/mattermost-mobile/mattermost-mobile/detox/node_modules/jest-circus/build/legacy-code-todo-rewrite/jestAdapter.js:79:19)
    at runTestInternal (/Users/runner/work/mattermost-mobile/mattermost-mobile/detox/node_modules/jest-runner/build/runTest.js:367:16)
    at runTest (/Users/runner/work/mattermost-mobile/mattermost-mobile/detox/node_modules/jest-runner/build/runTest.js:444:34)</failure>
    </testcase>
    <testcase classname="Smoke Test - Channels MM-T4774_6 - should be able to archive and leave a channel" name="Smoke Test - Channels MM-T4774_6 - should be able to archive and leave a channel" time="31.832">
    </testcase>
  </testsuite>
  <testsuite name="Smoke Test - Messaging" errors="0" failures="0" skipped="0" timestamp="2024-03-19T15:06:57" time="234.097" tests="7">
    <testcase classname="Smoke Test - Messaging MM-T4786_1 - should be able to post, edit, and delete a message" name="Smoke Test - Messaging MM-T4786_1 - should be able to post, edit, and delete a message" time="33.498">
    </testcase>
    <testcase classname="Smoke Test - Messaging MM-T4786_2 - should be able to reply to a message" name="Smoke Test - Messaging MM-T4786_2 - should be able to reply to a message" time="18.253">
    </testcase>
    <testcase classname="Smoke Test - Messaging MM-T4786_3 - should be able to include emojis in a message and add reaction to a message" name="Smoke Test - Messaging MM-T4786_3 - should be able to include emojis in a message and add reaction to a message" time="29.394">
    </testcase>
    <testcase classname="Smoke Test - Messaging MM-T4786_4 - should be able to follow/unfollow a message, save/unsave a message, and pin/unpin a message" name="Smoke Test - Messaging MM-T4786_4 - should be able to follow/unfollow a message, save/unsave a message, and pin/unpin a message" time="54.419">
    </testcase>
    <testcase classname="Smoke Test - Messaging MM-T4786_5 - should be able to post a message with at-mention and channel mention" name="Smoke Test - Messaging MM-T4786_5 - should be able to post a message with at-mention and channel mention" time="15.486">
    </testcase>
    <testcase classname="Smoke Test - Messaging MM-T4786_6 - should be able to post labeled permalink and labeled channel link" name="Smoke Test - Messaging MM-T4786_6 - should be able to post labeled permalink and labeled channel link" time="12.191">
    </testcase>
    <testcase classname="Smoke Test - Messaging MM-T4786_7 - should be able to post a message with markdown" name="Smoke Test - Messaging MM-T4786_7 - should be able to post a message with markdown" time="11.73">
    </testcase>
  </testsuite>
  <testsuite name="Smoke Test - Search" errors="0" failures="0" skipped="0" timestamp="2024-03-19T15:10:51" time="135.047" tests="4">
    <testcase classname="Smoke Test - Search MM-T4911_1 - should be able to display a recent mention on recent mentions screen" name="Smoke Test - Search MM-T4911_1 - should be able to display a recent mention on recent mentions screen" time="12.878">
    </testcase>
    <testcase classname="Smoke Test - Search MM-T4911_2 - should be able to display a saved message on saved messages screen" name="Smoke Test - Search MM-T4911_2 - should be able to display a saved message on saved messages screen" time="19.939">
    </testcase>
    <testcase classname="Smoke Test - Search MM-T4911_3 - should be able to display a pinned message on pinned messages screen" name="Smoke Test - Search MM-T4911_3 - should be able to display a pinned message on pinned messages screen" time="25.616">
    </testcase>
    <testcase classname="Smoke Test - Search MM-T4911_4 - should be able to search for a message and display on search results screen" name="Smoke Test - Search MM-T4911_4 - should be able to search for a message and display on search results screen" time="17.676">
    </testcase>
  </testsuite>
</testsuites>